0:0:0:0:0:0:0:1 - - [07/Jun/2018:11:00:49 +0800] "GET /shop/user/userinfo.json?phone=13020031515 HTTP/1.1" 200 289
0:0:0:0:0:0:0:1 - - [07/Jun/2018:11:00:55 +0800] "POST /shop/order/neworder?userId=22&totalPrice=23.9&orderStatus=2&payStatus=1&receiveName=John&receivePhone=13020031515&receiveAddress=%E4%BA%AC%E5%9F%8E81%E5%8F%B7&detail=%7B%22productids%22:[1%EF%BC%8C6]%7D HTTP/1.1" 200 268
0:0:0:0:0:0:0:1 - - [07/Jun/2018:11:11:28 +0800] "POST /shop/order/neworder?userId=22&totalPrice=23.9&orderStatus=2&payStatus=1&receiveName=John&receivePhone=13020031515&receiveAddress=%E4%BA%AC%E5%9F%8E81%E5%8F%B7&detail=%7B%22productids%22:[1%EF%BC%8C6]%7D HTTP/1.1" 200 -
0:0:0:0:0:0:0:1 - - [07/Jun/2018:11:12:20 +0800] "POST /shop/order/neworder?userId=22&totalPrice=23.9&orderStatus=2&payStatus=1&receiveName=John&receivePhone=13020031515&receiveAddress=%E4%BA%AC%E5%9F%8E81%E5%8F%B7&detail=%7B%22productids%22:[1%EF%BC%8C6]%7D HTTP/1.1" 200 268
0:0:0:0:0:0:0:1 - - [07/Jun/2018:12:48:12 +0800] "POST /shop/order/neworder?userId=22&totalPrice=23.9&orderStatus=2&payStatus=1&receiveName=John&receivePhone=13020031515&receiveAddress=%E4%BA%AC%E5%9F%8E81%E5%8F%B7&detail=%7B%22productids%22:[1%EF%BC%8C6]%7D HTTP/1.1" 200 268
0:0:0:0:0:0:0:1 - - [07/Jun/2018:12:48:44 +0800] "GET /shop/user/userinfo.json?phone=13020031515 HTTP/1.1" 200 289
0:0:0:0:0:0:0:1 - - [07/Jun/2018:12:49:33 +0800] "POST /shop/user/register.json?name=%E6%A2%81%E6%9D%B0%E6%9E%97&password=123456&phone=13020031515&email=123456@qq.com&openid=agk829378kilO0u HTTP/1.1" 200 90
0:0:0:0:0:0:0:1 - - [07/Jun/2018:12:50:10 +0800] "GET /shop/user/userinfo.json?phone=13020031515 HTTP/1.1" 200 289
0:0:0:0:0:0:0:1 - - [07/Jun/2018:13:38:52 +0800] "GET /shop/user/userinfo.json?phone=13020031515 HTTP/1.1" 200 289
0:0:0:0:0:0:0:1 - - [07/Jun/2018:14:22:49 +0800] "GET /shop/user/userinfo.json?phone=13020031515 HTTP/1.1" 200 289
0:0:0:0:0:0:0:1 - - [07/Jun/2018:15:39:27 +0800] "POST /shop/order/neworder?userId=22&totalPrice=23.9&receiveName=John&receivePhone=13020031515&receiveAddress=%E4%BA%AC%E5%9F%8E81%E5%8F%B7&detail=%7B%22productids%22:[1%EF%BC%8C6]%7D&quantities=2&channel=%E5%BE%AE%E4%BF%A1%E5%B0%8F%E7%A8%8B%E5%BA%8F HTTP/1.1" 200 59
0:0:0:0:0:0:0:1 - - [07/Jun/2018:15:42:49 +0800] "POST /shop/order/neworder?userId=22&totalPrice=23.9&receiveName=John&receivePhone=13020031515&receiveAddress=%E4%BA%AC%E5%9F%8E81%E5%8F%B7&detail=%7B%22productids%22:[1%EF%BC%8C6]%7D&quantities=2&channel=%E5%BE%AE%E4%BF%A1%E5%B0%8F%E7%A8%8B%E5%BA%8F HTTP/1.1" 200 60
0:0:0:0:0:0:0:1 - - [07/Jun/2018:16:45:08 +0800] "POST /shop/order/neworder?userId=22&totalPrice=23.9&receiveName=John&receivePhone=13020031515&receiveAddress=%E4%BA%AC%E5%9F%8E81%E5%8F%B7&detail=%7B%22productids%22:[1%EF%BC%8C6]%7D&quantities=2&channel=%E5%BE%AE%E4%BF%A1%E5%B0%8F%E7%A8%8B%E5%BA%8F HTTP/1.1" 200 60
0:0:0:0:0:0:0:1 - - [07/Jun/2018:16:49:29 +0800] "POST /shop/order/neworder?userId=22&totalPrice=23.9&receiveName=John&receivePhone=13020031515&receiveAddress=%E4%BA%AC%E5%9F%8E81%E5%8F%B7&detail=%7B%22productids%22:[1%EF%BC%8C6]%7D&quantities=2&channel=%E5%BE%AE%E4%BF%A1%E5%B0%8F%E7%A8%8B%E5%BA%8F HTTP/1.1" 200 60
0:0:0:0:0:0:0:1 - - [07/Jun/2018:16:49:49 +0800] "POST /shop/order/neworder?userId=22&totalPrice=23.9&receiveName=John&receivePhone=13020031515&receiveAddress=%E4%BA%AC%E5%9F%8E81%E5%8F%B7&detail=%7B%22productids%22:[1%EF%BC%8C6]%7D&quantities=2&channel=%E5%BE%AE%E4%BF%A1%E5%B0%8F%E7%A8%8B%E5%BA%8F HTTP/1.1" 200 60
0:0:0:0:0:0:0:1 - - [07/Jun/2018:17:01:24 +0800] "POST /shop/order/neworder?userId=22&totalPrice=23.9&receiveName=John&receivePhone=13020031515&receiveAddress=%E4%BA%AC%E5%9F%8E81%E5%8F%B7&detail=%7B%22productids%22:[1%EF%BC%8C6]%7D&quantities=2&channel=%E5%BE%AE%E4%BF%A1%E5%B0%8F%E7%A8%8B%E5%BA%8F HTTP/1.1" 200 60
0:0:0:0:0:0:0:1 - - [07/Jun/2018:17:05:23 +0800] "POST /shop/order/neworder?userId=22&totalPrice=23.9&receiveName=John&receivePhone=13020031515&receiveAddress=%E4%BA%AC%E5%9F%8E81%E5%8F%B7&detail=%7B%22productids%22:[1%EF%BC%8C6]%7D&quantities=2&channel=%E5%BE%AE%E4%BF%A1%E5%B0%8F%E7%A8%8B%E5%BA%8F HTTP/1.1" 200 60
0:0:0:0:0:0:0:1 - - [07/Jun/2018:17:06:36 +0800] "POST /shop/order/neworder?userId=22&totalPrice=23.9&receiveName=John&receivePhone=13020031515&receiveAddress=%E4%BA%AC%E5%9F%8E81%E5%8F%B7&detail=%7B%22productids%22:[1%EF%BC%8C6]%7D&quantities=2&channel=%E5%BE%AE%E4%BF%A1%E5%B0%8F%E7%A8%8B%E5%BA%8F HTTP/1.1" 200 60
0:0:0:0:0:0:0:1 - - [07/Jun/2018:17:07:32 +0800] "GET /shop/user/userinfo.json?phone=13020031515 HTTP/1.1" 200 289
0:0:0:0:0:0:0:1 - - [07/Jun/2018:17:07:53 +0800] "GET /shop/user/userinfo.json?phone=13020031515 HTTP/1.1" 200 289
0:0:0:0:0:0:0:1 - - [07/Jun/2018:17:09:11 +0800] "POST /shop/order/neworder?userId=22&totalPrice=23.9&receiveName=John&receivePhone=13020031515&receiveAddress=%E4%BA%AC%E5%9F%8E81%E5%8F%B7&detail=%7B%22productids%22:[1%EF%BC%8C6]%7D&quantities=2&channel=%E5%BE%AE%E4%BF%A1%E5%B0%8F%E7%A8%8B%E5%BA%8F HTTP/1.1" 200 60
0:0:0:0:0:0:0:1 - - [07/Jun/2018:17:10:33 +0800] "POST /shop/order/neworder?userId=22&totalPrice=23.9&receiveName=John&receivePhone=13020031515&receiveAddress=%E4%BA%AC%E5%9F%8E81%E5%8F%B7&detail=%7B%22productids%22:[1%EF%BC%8C6]%7D&quantities=2&channel=%E5%BE%AE%E4%BF%A1%E5%B0%8F%E7%A8%8B%E5%BA%8F HTTP/1.1" 200 60
0:0:0:0:0:0:0:1 - - [07/Jun/2018:17:10:36 +0800] "GET /shop/user/userinfo.json?phone=13020031515 HTTP/1.1" 200 289
0:0:0:0:0:0:0:1 - - [07/Jun/2018:17:10:46 +0800] "GET /shop/user/userinfo.json?phone=13020031515 HTTP/1.1" 200 289
0:0:0:0:0:0:0:1 - - [07/Jun/2018:17:11:05 +0800] "GET /shop/user/userinfo.json?phone=13020031515 HTTP/1.1" 200 289
0:0:0:0:0:0:0:1 - - [07/Jun/2018:17:11:38 +0800] "GET /shop/user/userinfo.json?phone=13020031515 HTTP/1.1" 200 289
0:0:0:0:0:0:0:1 - - [07/Jun/2018:17:11:39 +0800] "GET /shop/user/userinfo.json?phone=13020031515 HTTP/1.1" 200 289
0:0:0:0:0:0:0:1 - - [07/Jun/2018:17:11:40 +0800] "GET /shop/user/userinfo.json?phone=13020031515 HTTP/1.1" 200 289
0:0:0:0:0:0:0:1 - - [07/Jun/2018:17:11:40 +0800] "GET /shop/user/userinfo.json?phone=13020031515 HTTP/1.1" 200 289
0:0:0:0:0:0:0:1 - - [07/Jun/2018:17:24:04 +0800] "GET /shop/user/userinfo.json?phone=13020031515 HTTP/1.1" 200 289
0:0:0:0:0:0:0:1 - - [07/Jun/2018:17:25:59 +0800] "POST /shop/order/neworder?userId=22&totalPrice=23.9&receiveName=John&receivePhone=13020031515&receiveAddress=%E4%BA%AC%E5%9F%8E81%E5%8F%B7&detail=%7B%22productids%22:[1%EF%BC%8C6]%7D&quantities=2&channel=%E5%BE%AE%E4%BF%A1%E5%B0%8F%E7%A8%8B%E5%BA%8F HTTP/1.1" 200 60
0:0:0:0:0:0:0:1 - - [07/Jun/2018:17:26:15 +0800] "GET /shop/user/userinfo.json?phone=13020031515 HTTP/1.1" 200 289
0:0:0:0:0:0:0:1 - - [07/Jun/2018:17:29:41 +0800] "GET /shop/user/userinfo.json?phone=13020031515 HTTP/1.1" 200 289
0:0:0:0:0:0:0:1 - - [07/Jun/2018:17:33:20 +0800] "GET /shop/user/userinfo.json?phone=13020031515 HTTP/1.1" 200 289
0:0:0:0:0:0:0:1 - - [07/Jun/2018:17:34:49 +0800] "GET /shop/user/userinfo.json?phone=13020031515 HTTP/1.1" 200 289
0:0:0:0:0:0:0:1 - - [07/Jun/2018:17:37:19 +0800] "GET /shop/user/userinfo.json?phone=13020031515 HTTP/1.1" 200 289
0:0:0:0:0:0:0:1 - - [07/Jun/2018:17:39:49 +0800] "GET /shop/user/userinfo.json?phone=13020031515 HTTP/1.1" 200 289
0:0:0:0:0:0:0:1 - - [07/Jun/2018:17:46:38 +0800] "GET /shop/user/userinfo.json?phone=13020031515 HTTP/1.1" 200 289
0:0:0:0:0:0:0:1 - - [07/Jun/2018:17:47:03 +0800] "GET /shop/user/userinfo.json?phone=13020031515 HTTP/1.1" 200 289
0:0:0:0:0:0:0:1 - - [07/Jun/2018:17:54:53 +0800] "GET /shop/user/userinfo.json?phone=13020031515 HTTP/1.1" 200 289
0:0:0:0:0:0:0:1 - - [07/Jun/2018:17:56:04 +0800] "GET /shop/user/userinfo.json?phone=13020031515 HTTP/1.1" 200 289
0:0:0:0:0:0:0:1 - - [07/Jun/2018:17:56:14 +0800] "POST /shop/user/register.json?name=%E6%A2%81%E6%9D%B0%E6%9E%97&password=123456&phone=13020031515&email=123456@qq.com&openid=agk829378kilO0u HTTP/1.1" 200 90
0:0:0:0:0:0:0:1 - - [07/Jun/2018:17:56:19 +0800] "POST /shop/user/register.json?name=%E6%A2%81%E6%9D%B0%E6%9E%97&password=123456&phone=13020031510&email=123456@qq.com&openid=agk829378kilO0u HTTP/1.1" 200 233
0:0:0:0:0:0:0:1 - - [07/Jun/2018:18:00:11 +0800] "POST /shop/order/neworder?userId=22&totalPrice=23.9&receiveName=John&receivePhone=13020031515&receiveAddress=%E4%BA%AC%E5%9F%8E81%E5%8F%B7&detail=%7B%22productids%22:[1%EF%BC%8C6]%7D&quantities=2&channel=%E5%BE%AE%E4%BF%A1%E5%B0%8F%E7%A8%8B%E5%BA%8F HTTP/1.1" 200 60
0:0:0:0:0:0:0:1 - - [07/Jun/2018:18:00:18 +0800] "GET /shop/user/userinfo.json?phone=13020031515 HTTP/1.1" 200 289
0:0:0:0:0:0:0:1 - - [07/Jun/2018:18:04:18 +0800] "GET /shop/user/userinfo.json?phone=13020031515 HTTP/1.1" 200 289
0:0:0:0:0:0:0:1 - - [07/Jun/2018:18:07:04 +0800] "GET /shop/user/userinfo.json?phone=13020031515 HTTP/1.1" 200 289
0:0:0:0:0:0:0:1 - - [07/Jun/2018:18:07:23 +0800] "POST /shop/user/register.json?name=%E6%A2%81%E6%9D%B0%E6%9E%97&password=123456&phone=13020031510&email=123456@qq.com&openid=agk829378kilO0u HTTP/1.1" 200 90
0:0:0:0:0:0:0:1 - - [07/Jun/2018:18:09:16 +0800] "POST /shop/user/register.json?name=%E6%A2%81%E6%9D%B0%E6%9E%97&password=123456&phone=13020031510&email=123456@qq.com&openid=agk829378kilO0u HTTP/1.1" 200 90
0:0:0:0:0:0:0:1 - - [07/Jun/2018:19:39:44 +0800] "POST /shop/user/register.json?name=%E6%A2%81%E6%9D%B0%E6%9E%97&password=123456&phone=13020031510&email=123456@qq.com&openid=agk829378kilO0u HTTP/1.1" 200 54
0:0:0:0:0:0:0:1 - - [07/Jun/2018:19:41:38 +0800] "POST /shop/user/register.json?name=%E6%A2%81%E6%9D%B0%E6%9E%97&password=123456&phone=13020031510&email=123456@qq.com&openid=agk829378kilO0u HTTP/1.1" 200 90
0:0:0:0:0:0:0:1 - - [07/Jun/2018:19:41:41 +0800] "GET /shop/user/userinfo.json?phone=13020031515 HTTP/1.1" 200 289
0:0:0:0:0:0:0:1 - - [07/Jun/2018:19:41:42 +0800] "POST /shop/order/neworder?userId=22&totalPrice=23.9&receiveName=John&receivePhone=13020031515&receiveAddress=%E4%BA%AC%E5%9F%8E81%E5%8F%B7&detail=%7B%22productids%22:[1%EF%BC%8C6]%7D&quantities=2&channel=%E5%BE%AE%E4%BF%A1%E5%B0%8F%E7%A8%8B%E5%BA%8F HTTP/1.1" 200 60
0:0:0:0:0:0:0:1 - - [07/Jun/2018:19:42:04 +0800] "GET /shop/user/userinfo.json?phone=13020031515 HTTP/1.1" 200 289
0:0:0:0:0:0:0:1 - - [07/Jun/2018:20:22:43 +0800] "GET /shop/user/userinfo.json?phone=13020031515 HTTP/1.1" 200 289
0:0:0:0:0:0:0:1 - - [07/Jun/2018:20:22:58 +0800] "POST /shop/order/neworder?userId=22&totalPrice=23.9&receiveName=John&receivePhone=13020031515&receiveAddress=%E4%BA%AC%E5%9F%8E81%E5%8F%B7&detail=%7B%22productids%22:[1%EF%BC%8C6]%7D&quantities=2&channel=%E5%BE%AE%E4%BF%A1%E5%B0%8F%E7%A8%8B%E5%BA%8F HTTP/1.1" 200 60
