0:0:0:0:0:0:0:1 - - [12/Jun/2018:11:20:56 +0800] "POST /shop/order/neworder?userId=22&totalPrice=23.9&receiveName=John&receivePhone=13020031515&receiveAddress=%E4%BA%AC%E5%9F%8E81%E5%8F%B7&detail=%7B%22productids%22:[1%EF%BC%8C6]%7D&quantities=2&channel=%E5%BE%AE%E4%BF%A1%E5%B0%8F%E7%A8%8B%E5%BA%8F HTTP/1.1" 200 60
0:0:0:0:0:0:0:1 - - [12/Jun/2018:11:21:04 +0800] "POST /shop/user/register.json?name=%E7%8E%8B%E6%99%93%E7%BE%A4&password=123456&phone=13020031514&email=123456@qq.com&openid=agk829378kilO0u HTTP/1.1" 200 90
0:0:0:0:0:0:0:1 - - [12/Jun/2018:11:21:33 +0800] "POST /shop/user/register.json?name=%E7%8E%8B%E6%99%93%E7%BE%A4&password=123456&phone=13020031514&email=123456@qq.com&openid=agk829378kilO0u HTTP/1.1" 200 90
0:0:0:0:0:0:0:1 - - [12/Jun/2018:11:46:36 +0800] "POST /shop/user/register.json?name=%E7%8E%8B%E6%99%93%E7%BE%A4&password=123456&phone=13020031514&email=123456@qq.com&openid=agk829378kilO0u HTTP/1.1" 200 90
0:0:0:0:0:0:0:1 - - [12/Jun/2018:11:46:49 +0800] "POST /shop/user/register.json?name=%E7%8E%8B%E6%99%93%E7%BE%A4&password=123456&phone=13020031514&email=123456@qq.com&openid=agk829378kilO0u HTTP/1.1" 200 90
0:0:0:0:0:0:0:1 - - [12/Jun/2018:11:59:25 +0800] "POST /shop/order/neworder?userId=22&totalPrice=23.9&receiveName=John&receivePhone=13020031515&receiveAddress=%E4%BA%AC%E5%9F%8E81%E5%8F%B7&detail=%7B%22productids%22:[1%EF%BC%8C6]%7D&quantities=2&channel=%E5%BE%AE%E4%BF%A1%E5%B0%8F%E7%A8%8B%E5%BA%8F HTTP/1.1" 200 59
0:0:0:0:0:0:0:1 - - [12/Jun/2018:12:01:22 +0800] "GET /shop/user/userinfo.json?phone=13020031515 HTTP/1.1" 200 289
0:0:0:0:0:0:0:1 - - [12/Jun/2018:13:54:34 +0800] "GET /shop/user/userinfo.json?phone=13020031515 HTTP/1.1" 200 -
0:0:0:0:0:0:0:1 - - [12/Jun/2018:14:27:33 +0800] "GET /shop/user/userinfo.json?phone=13020031515 HTTP/1.1" 200 289
0:0:0:0:0:0:0:1 - - [12/Jun/2018:14:28:17 +0800] "GET /shop/user/userinfo.json?phone=13020031515 HTTP/1.1" 200 289
0:0:0:0:0:0:0:1 - - [12/Jun/2018:14:28:24 +0800] "POST /shop/order/neworder?userId=22&totalPrice=23.9&receiveName=John&receivePhone=13020031515&receiveAddress=%E4%BA%AC%E5%9F%8E81%E5%8F%B7&detail=%7B%22productids%22:[1%EF%BC%8C6]%7D&quantities=2&channel=%E5%BE%AE%E4%BF%A1%E5%B0%8F%E7%A8%8B%E5%BA%8F HTTP/1.1" 200 60
0:0:0:0:0:0:0:1 - - [12/Jun/2018:14:33:49 +0800] "POST /shop/order/neworder?userId=22&totalPrice=23.9&receiveName=John&receivePhone=13020031515&receiveAddress=%E4%BA%AC%E5%9F%8E81%E5%8F%B7&detail=%7B%22productids%22:[1%EF%BC%8C6]%7D&quantities=2&channel=%E5%BE%AE%E4%BF%A1%E5%B0%8F%E7%A8%8B%E5%BA%8F HTTP/1.1" 200 358
0:0:0:0:0:0:0:1 - - [12/Jun/2018:14:34:07 +0800] "GET /shop/user/userinfo.json?phone=13020031515 HTTP/1.1" 200 289
0:0:0:0:0:0:0:1 - - [12/Jun/2018:14:38:55 +0800] "POST /shop/order/neworder?userId=22&totalPrice=23.9&receiveName=John&receivePhone=13020031515&receiveAddress=%E4%BA%AC%E5%9F%8E81%E5%8F%B7&detail=%7B%22productids%22:[1%EF%BC%8C6]%7D&quantities=2&channel=%E5%BE%AE%E4%BF%A1%E5%B0%8F%E7%A8%8B%E5%BA%8F HTTP/1.1" 200 358
0:0:0:0:0:0:0:1 - - [12/Jun/2018:14:40:40 +0800] "POST /shop/order/neworder?userId=22&totalPrice=23.9&receiveName=John&receivePhone=13020031515&receiveAddress=%E4%BA%AC%E5%9F%8E81%E5%8F%B7&detail=%7B%22productids%22:[1%EF%BC%8C6]%7D&quantities=2&channel=%E5%BE%AE%E4%BF%A1%E5%B0%8F%E7%A8%8B%E5%BA%8F HTTP/1.1" 200 358
0:0:0:0:0:0:0:1 - - [12/Jun/2018:14:46:45 +0800] "POST /shop/order/neworder?userId=22&totalPrice=23.9&receiveName=John&receivePhone=13020031515&receiveAddress=%E4%BA%AC%E5%9F%8E81%E5%8F%B7&detail=%7B%22productids%22:[1%EF%BC%8C6]%7D&quantities=2&channel=%E5%BE%AE%E4%BF%A1%E5%B0%8F%E7%A8%8B%E5%BA%8F HTTP/1.1" 200 358
0:0:0:0:0:0:0:1 - - [12/Jun/2018:15:08:15 +0800] "POST /shop/order/neworder?userId=22&totalPrice=23.9&receiveName=John&receivePhone=13020031515&receiveAddress=%E4%BA%AC%E5%9F%8E81%E5%8F%B7&detail=%7B%22productids%22:[1%EF%BC%8C6]%7D&quantities=2&channel=%E5%BE%AE%E4%BF%A1%E5%B0%8F%E7%A8%8B%E5%BA%8F HTTP/1.1" 200 358
0:0:0:0:0:0:0:1 - - [12/Jun/2018:15:08:57 +0800] "GET /shop/test/sayhello&name=ljl HTTP/1.1" 404 137
0:0:0:0:0:0:0:1 - - [12/Jun/2018:15:09:08 +0800] "GET /shop/test/sayhello.json&name=ljl HTTP/1.1" 404 142
0:0:0:0:0:0:0:1 - - [12/Jun/2018:15:11:26 +0800] "GET /shop/test/sayhello.json?name=ljl HTTP/1.1" 200 54
0:0:0:0:0:0:0:1 - - [12/Jun/2018:15:11:40 +0800] "GET /shop/test/sayhello.json?name=ljl HTTP/1.1" 200 54
0:0:0:0:0:0:0:1 - - [12/Jun/2018:15:43:14 +0800] "GET /shop/test/sayhello.json?name=ljl HTTP/1.1" 200 54
0:0:0:0:0:0:0:1 - - [12/Jun/2018:15:43:27 +0800] "GET /shop/test/sayhello.json?name=ljl HTTP/1.1" 200 54
